, tid=17020
#
# JRE version: OpenJDK Runtime Environment Temurin-17.0.4.1+1 (17.0.4.1+1) (build 17.0.4.1+1)
# Java VM: OpenJDK 64-Bit Server VM Temurin-17.0.4.1+1 (17.0.4.1+1, mixed mode, tiered, compressed oops, compressed class ptrs, parallel gc, windows-amd64)
# No core dump will be written. Minidumps are not enabled by default on client versions of Windows
#

---------------  S U M M A R Y ------------

Command Line: --add-modules=ALL-SYSTEM --add-opens=java.base/java.util=ALL-UNNAMED --add-opens=java.base/java.lang=ALL-UNNAMED --add-opens=java.base/sun.nio.fs=ALL-UNNAMED -Declipse.application=org.eclipse.jdt.ls.core.id1 -Dosgi.bundles.defaultStartLevel=4 -Declipse.product=org.eclipse.jdt.ls.core.product -Djava.import.generatesMetadataFilesAtProjectRoot=false -Dfile.encoding=utf8 -XX:+UseParallelGC -XX:GCTimeRatio=4 -XX:AdaptiveSizePolicyWeight=90 -Dsun.zip.disableMemoryMapping=true -Xmx1G -Xms100m -Xlog:disable -javaagent:c:\Users\hp\.vscode\extensions\redhat.java-1.12.0-win32-x64\lombok\lombok-1.18.24.jar -XX:+HeapDumpOnOutOfMemoryError -XX:HeapDumpPath=c:\Users\hp\AppData\Roaming\Code\User\workspaceStorage\20c9b4f69c15167fc8ac43d1fa770efe\redhat.java c:\Users\hp\.vscode\extensions\redhat.java-1.12.0-win32-x64\server\plugins\org.eclipse.equinox.launcher_1.6.400.v20210924-0641.jar -configuration c:\Users\hp\AppData\Roaming\Code\User\globalStorage\redhat.java\1.12.0\config_win -data c:\Users\hp\AppData\Roaming\Code\User\workspaceStorage\20c9b4f69c15167fc8ac43d1fa770efe\redhat.java\jdt_ws

Host: Intel(R) Core(TM) i7-8550U CPU @ 1.80GHz, 8 cores, 15G,  Windows 11 , 64 bit Build 22000 (10.0.22000.708)
Time: Sun Nov  6 16:48:48 2022 Hora estándar oeste, Sudamérica elapsed time: 14.932453 seconds (0d 0h 0m 14s)

---------------  T H R E A D  ---------------

Current thread (0x0000020af7b5fd70):  JavaThread "C2 CompilerThread0" daemon [_thread_in_native, id=17020, stack(0x0000001bcf800000,0x0000001bcf900000)]


Current CompileTask:
C2:  14932 1519       4       java.lang.String::equalsIgnoreCase (45 bytes)

Stack: [0x0000001bcf800000,0x0000001bcf900000]
Native frames: (J=compiled Java code, j=interpreted, Vv=VM code, C=native code)
V  [jvm.dll+0x67731a]
V  [jvm.dll+0x832284]
V  [jvm.dll+0x833a2e]
V  [jvm.dll+0x834093]
V  [jvm.dll+0x245775]
V  [jvm.dll+0xabfc0]
V  [jvm.dll+0xac30c]
V  [jvm.dll+0xabe8b]
V  [jvm.dll+0x6548dc]
V  [jvm.dll+0x222581]
V  [jvm.dll+0x219844]
V  [jvm.dll+0x21799b]
V  [jvm.dll+0x1a3f8d]
V  [jvm.dll+0x227498]
V  [jvm.dll+0x2255e5]
V  [jvm.dll+0x7e7e9b]
V  [jvm.dll+0x7e240a]
V  [jvm.dll+0x6761a5]
C  [ucrtbase.dll+0x26c0c]
C  [KERNEL32.DLL+0x154e0]
C  [ntdll.dll+0x485b]


---------------  P R O C E S S  ---------------

Threads class SMR info:
_java_thread_list=0x0000020af9e4eab0, length=16, elements={
0x0000020ae219e0d0, 0x0000020af7b34c60, 0x0000020af7b363f0, 0x0000020af7b4f230,
0x0000020af7b4faf0, 0x0000020af7b50b50, 0x0000020af7b5dc30, 0x0000020af7b5fd70,
0x0000020af7b60e10, 0x0000020af7b61eb0, 0x0000020af5eb0dd0, 0x0000020af7e19a10,
0x0000020af92bded0, 0x0000020af9e79680, 0x0000020af9e76000, 0x0000020af9109d50
}

Java Threads: ( => current thread )
  0x0000020ae219e0d0 JavaThread "main" [_thread_blocked, id=16636, stack(0x0000001bcef00000,0x0000001bcf000000)]
  0x0000020af7b34c60 JavaThread "Reference Handler" daemon [_thread_blocked, id=17456, stack(0x0000001bcf200000,0x0000001bcf300000)]
  0x0000020af7b363f0 JavaThread "Finalizer" daemon [_thread_blocked, id=13796, stack(0x0000001bcf300000,0x0000001bcf400000)]
  0x0000020af7b4f230 JavaThread "Signal Dispatcher" daemon [_thread_blocked, id=10332, stack(0x0000001bcf400000,0x0000001bcf500000)]
  0x0000020af7b4faf0 JavaThread "Attach Listener" daemon [_thread_blocked, id=14540, stack(0x0000001bcf500000,0x0000001bcf600000)]
  0x0000020af7b50b50 JavaThread "Service Thread" daemon [_thread_blocked, id=1564, stack(0x0000001bcf600000,0x0000001bcf700000)]
  0x0000020af7b5dc30 JavaThread "Monitor Deflation Thread" daemon [_thread_blocked, id=18544, stack(0x0000001bcf700000,0x0000001bcf800000)]
=>0x0000020af7b5fd70 JavaThread "C2 CompilerThread0" daemon [_thread_in_native, id=17020, stack(0x0000001bcf800000,0x0000001bcf900000)]
  0x0000020af7b60e10 JavaThread "C1 CompilerThread0" daemon [_thread_blocked, id=4996, stack(0x0000001bcf900000,0x0000001bcfa00000)]
  0x0000020af7b61eb0 JavaThread "Sweeper thread" daemon [_thread_blocked, id=17140, stack(0x0000001bcfa00000,0x0000001bcfb00000)]
  0x0000020af5eb0dd0 JavaThread "Common-Cleaner" daemon [_thread_blocked, id=5000, stack(0x0000001bcfb00000,0x0000001bcfc00000)]
  0x0000020af7e19a10 JavaThread "Notification Thread" daemon [_thread_blocked, id=3792, stack(0x0000001bcfc00000,0x0000001bcfd00000)]
  0x0000020af92bded0 JavaThread "Active Thread: Equinox Container: 3c39ca59-2928-47a1-abf3-33e1cf0b6e53" [_thread_blocked, id=12180, stack(0x0000001bd0300000,0x0000001bd0400000)]
  0x0000020af9e79680 JavaThread "Framework Event Dispatcher: Equinox Container: 3c39ca59-2928-47a1-abf3-33e1cf0b6e53" daemon [_thread_in_vm, id=5160, stack(0x0000001bd0400000,0x0000001bd0500000)]
  0x0000020af9e76000 JavaThread "Start Level: Equinox Container: 3c39ca59-2928-47a1-abf3-33e1cf0b6e53" daemon [_thread_in_native, id=1256, stack(0x0000001bd0500000,0x0000001bd0600000)]
  0x0000020af9109d50 JavaThread "C2 CompilerThread1" daemon [_thread_in_native, id=18968, stack(0x0000001bd0600000,0x0000001bd0700000)]

Other Threads:
  0x0000020af7b30c20 VMThread "VM Thread" [stack: 0x0000001bcf100000,0x0000001bcf200000] [id=15920]
  0x0000020af7e19ee0 WatcherThread [stack: 0x0000001bcfd00000,0x0000001bcfe00000] [id=18376]
  0x0000020ae21b5620 GCTaskThread "GC Thread#0" [stack: 0x0000001bcf000000,0x0000001bcf100000] [id=14292]
  0x0000020af9c82b80 GCTaskThread "GC Thread#1" [stack: 0x0000001bcfe00000,0x0000001bcff00000] [id=19180]
  0x0000020af9cd2b70 GCTaskThread "GC Thread#2" [stack: 0x0000001bcff00000,0x0000001bd0000000] [id=3092]
  0x0000020af9cd2e20 GCTaskThread "GC Thread#3" [stack: 0x0000001bd0000000,0x0000001bd0100000] [id=1496]
  0x0000020af9cd30d0 GCTaskThread "GC Thread#4" [stack: 0x0000001bd0100000,0x0000001bd0200000] [id=17920]
  0x0000020af9152430 GCTaskThread "GC Thread#5" [stack: 0x0000001bd0200000,0x0000001bd0300000] [id=12724]

Threads with active compile tasks:
C2 CompilerThread0    15056 1519       4       java.lang.String::equalsIgnoreCase (45 bytes)
C2 CompilerThread1    15056 1520       4       java.lang.StringLatin1::regionMatchesCI (98 bytes)

VM state: not at safepoint (normal execution)

VM Mutex/Monitor currently owned by a thread: None

Heap address: 0x00000000c0000000, size: 1024 MB, Compressed Oops mode: 32-bit

CDS archive(s) not mapped
Compressed class space mapped at: 0x0000000100000000-0x0000000140000000, reserved size: 1073741824
Narrow klass base: 0x0000000000000000, Narrow klass shift: 3, Narrow klass range: 0x140000000

GC Precious Log:
 CPUs: 8 total, 8 available
 Memory: 16299M
 Large Page Support: Disabled
 NUMA Support: Disabled
 Compressed Oops: Enabled (32-bit)
 Alignments: Space 512K, Generation 512K, Heap 2M
 Heap Min Capacity: 100M
 Heap Initial Capacity: 100M
 Heap Max Capacity: 1G
 Pre-touch: Disabled
 Parallel Workers: 8

Heap:
 PSYoungGen      total 29696K, used 23906K [0x00000000eab00000, 0x00000000ecc00000, 0x0000000100000000)
  eden space 25600K, 80% used [0x00000000eab00000,0x00000000ebf1a6f0,0x00000000ec400000)
  from space 4096K, 81% used [0x00000000ec400000,0x00000000ec73e218,0x00000000ec800000)
  to   space 4096K, 0% used [0x00000000ec800000,0x00000000ec800000,0x00000000ecc00000)
 ParOldGen       total 68608K, used 16K [0x00000000c0000000, 0x00000000c4300000, 0x00000000eab00000)
  object space 68608K, 0% used [0x00000000c0000000,0x00000000c0004000,0x00000000c4300000)
 Metaspace       used 13556K, committed 13760K, reserved 1064960K
  class space    used 1359K, committed 1408K, reserved 1048576K

Card table byte_map: [0x0000020ae1b50000,0x0000020ae1d60000] _byte_map_base: 0x0000020ae1550000

Marking Bits: (ParMarkBitMap*) 0x00007ffa50b02cc0
 Begin Bits: [0x0000020af3e30000, 0x0000020af4e30000)
 End Bits:   [0x0000020af4e30000, 0x0000020af5e30000)

Polling page: 0x0000020ae0130000

Metaspace:

Usage:
  Non-class:     11.91 MB used.
      Class:      1.33 MB used.
       Both:     13.24 MB used.

Virtual space:
  Non-class space:       16.00 MB reserved,      12.06 MB ( 75%) committed,  2 nodes.
      Class space:        1.00 GB reserved,       1.38 MB ( <1%) committed,  1 nodes.
             Both:        1.02 GB reserved,      13.44 MB (  1%) committed. 

Chunk freelists:
   Non-Class:  3.66 MB
       Class:  2.45 MB
        Both:  6.12 MB

MaxMetaspaceSize: unlimited
CompressedClassSpaceSize: 1.00 GB
Initial GC threshold: 21.00 MB
Current GC threshold: 21.00 MB
CDS: off
MetaspaceReclaimPolicy: balanced
 - commit_granule_bytes: 65536.
 - commit_granule_words: 8192.
 - virtual_space_node_default_size: 1048576.
 - enlarge_chunks_in_place: 1.
 - new_chunks_are_fully_committed: 0.
 - uncommit_free_chunks: 1.
 - use_allocation_guard: 0.
 - handle_deallocations: 1.


Internal statistics:

num_allocs_failed_limit: 0.
num_arena_births: 58.
num_arena_deaths: 0.
num_vsnodes_births: 3.
num_vsnodes_deaths: 0.
num_space_committed: 215.
num_space_uncommitted: 0.
num_chunks_returned_to_freelist: 0.
num_chunks_taken_from_freelist: 225.
num_chunk_merges: 0.
num_chunk_splits: 157.
num_chunks_enlarged: 130.
num_purges: 0.
num_inconsistent_stats: 0.

CodeHeap 'non-profiled nmethods': size=120000Kb used=590Kb max_used=590Kb free=119409Kb
 bounds [0x0000020aec900000, 0x0000020aecb70000, 0x0000020af3e30000]
CodeHeap 'profiled nmethods': size=120000Kb used=2831Kb max_used=2831Kb free=117168Kb
 bounds [0x0000020ae53d0000, 0x0000020ae56a0000, 0x0000020aec900000]
CodeHeap 'non-nmethods': size=5760Kb used=1156Kb max_used=1190Kb free=4603Kb
 bounds [0x0000020ae4e30000, 0x0000020ae50a0000, 0x0000020ae53d0000]
 total_blobs=1962 nmethods=1519 adapters=357
 compilation: enabled
              stopped_count=0, restarted_count=0
 full_count=0

Compilation events (20 events):
Event: 14.763 Thread 0x0000020af7b60e10 1510       1       sun.nio.fs.WindowsPathParser$Result::root (5 bytes)
Event: 14.763 Thread 0x0000020af7b60e10 nmethod 1510 0x0000020aec992590 code [0x0000020aec992720, 0x0000020aec9927f8]
Event: 14.763 Thread 0x0000020af7b60e10 1511       1       sun.nio.fs.WindowsPathParser$Result::path (5 bytes)
Event: 14.764 Thread 0x0000020af7b60e10 nmethod 1511 0x0000020aec992890 code [0x0000020aec992a20, 0x0000020aec992af8]
Event: 14.833 Thread 0x0000020af7b60e10 1512       3       sun.net.util.IPAddressUtil::checkExternalForm (70 bytes)
Event: 14.838 Thread 0x0000020af7b60e10 nmethod 1512 0x0000020ae5689290 code [0x0000020ae5689560, 0x0000020ae568a1d8]
Event: 14.906 Thread 0x0000020af7b60e10 1513       1       org.eclipse.osgi.internal.framework.EquinoxBundle$EquinoxModule::getBundle (5 bytes)
Event: 14.907 Thread 0x0000020af7b60e10 nmethod 1513 0x0000020aec992b90 code [0x0000020aec992d20, 0x0000020aec992df8]
Event: 14.910 Thread 0x0000020af7b60e10 1514       3       java.lang.invoke.MethodTypeForm::canonicalizeAll (63 bytes)
Event: 14.912 Thread 0x0000020af7b60e10 nmethod 1514 0x0000020ae568a690 code [0x0000020ae568a880, 0x0000020ae568ae78]
Event: 14.912 Thread 0x0000020af7b60e10 1515       1       org.eclipse.osgi.container.Module::getLocation (5 bytes)
Event: 14.912 Thread 0x0000020af7b60e10 nmethod 1515 0x0000020aec992e90 code [0x0000020aec993020, 0x0000020aec9930f8]
Event: 14.912 Thread 0x0000020af7b60e10 1516       3       org.eclipse.osgi.internal.framework.EquinoxContainer::checkAdminPermission (27 bytes)
Event: 14.914 Thread 0x0000020af7b60e10 nmethod 1516 0x0000020ae568b090 code [0x0000020ae568b280, 0x0000020ae568b6f8]
Event: 14.914 Thread 0x0000020af7b60e10 1517       3       org.eclipse.osgi.internal.framework.EquinoxBundle::getLocation (21 bytes)
Event: 14.914 Thread 0x0000020af7b5fd70 1519       4       java.lang.String::equalsIgnoreCase (45 bytes)
Event: 14.914 Thread 0x0000020af7b60e10 nmethod 1517 0x0000020ae568b910 code [0x0000020ae568bac0, 0x0000020ae568bd28]
Event: 14.914 Thread 0x0000020af7b60e10 1518       3       org.eclipse.osgi.internal.framework.EquinoxBundle::getBundle (2 bytes)
Event: 14.915 Thread 0x0000020af7b60e10 nmethod 1518 0x0000020ae568be90 code [0x0000020ae568c020, 0x0000020ae568c138]
Event: 14.922 Thread 0x0000020af7b60e10 1521       3       java.util.concurrent.locks.AbstractQueuedSynchronizer::release (19 bytes)

GC Heap History (2 events):
Event: 4.145 GC heap before
{Heap before GC invocations=1 (full 0):
 PSYoungGen      total 29696K, used 25600K [0x00000000eab00000, 0x00000000ecc00000, 0x0000000100000000)
  eden space 25600K, 100% used [0x00000000eab00000,0x00000000ec400000,0x00000000ec400000)
  from space 4096K, 0% used [0x00000000ec800000,0x00000000ec800000,0x00000000ecc00000)
  to   space 4096K, 0% used [0x00000000ec400000,0x00000000ec400000,0x00000000ec800000)
 ParOldGen       total 68608K, used 0K [0x00000000c0000000, 0x00000000c4300000, 0x00000000eab00000)
  object space 68608K, 0% used [0x00000000c0000000,0x00000000c0000000,0x00000000c4300000)
 Metaspace       used 10799K, committed 10944K, reserved 1064960K
  class space    used 1085K, committed 1152K, reserved 1048576K
}
Event: 4.164 GC heap after
{Heap after GC invocations=1 (full 0):
 PSYoungGen      total 29696K, used 3320K [0x00000000eab00000, 0x00000000ecc00000, 0x0000000100000000)
  eden space 25600K, 0% used [0x00000000eab00000,0x00000000eab00000,0x00000000ec400000)
  from space 4096K, 81% used [0x00000000ec400000,0x00000000ec73e218,0x00000000ec800000)
  to   space 4096K, 0% used [0x00000000ec800000,0x00000000ec800000,0x00000000ecc00000)
 ParOldGen       total 68608K, used 16K [0x00000000c0000000, 0x00000000c4300000, 0x00000000eab00000)
  object space 68608K, 0% used [0x00000000c0000000,0x00000000c0004000,0x00000000c4300000)
 Metaspace       used 10799K, committed 10944K, reserved 1064960K
  class space    used 1085K, committed 1152K, reserved 1048576K
}

Deoptimization events (20 events):
Event: 5.409 Thread 0x0000020ae219e0d0 DEOPT PACKING pc=0x0000020aec9655ac sp=0x0000001bceffe010
Event: 5.409 Thread 0x0000020ae219e0d0 DEOPT UNPACKING pc=0x0000020ae4e820a3 sp=0x0000001bceffdf38 mode 2
Event: 5.411 Thread 0x0000020ae219e0d0 Uncommon trap: trap_request=0xffffffde fr.pc=0x0000020aec9655ac relative=0x00000000000009ac
Event: 5.411 Thread 0x0000020ae219e0d0 Uncommon trap: reason=class_check action=maybe_recompile pc=0x0000020aec9655ac method=java.util.HashMap.putVal(ILjava/lang/Object;Ljava/lang/Object;ZZ)Ljava/lang/Object; @ 253 c2
Event: 5.411 Thread 0x0000020ae219e0d0 DEOPT PACKING pc=0x0000020aec9655ac sp=0x0000001bceffdf10
Event: 5.411 Thread 0x0000020ae219e0d0 DEOPT UNPACKING pc=0x0000020ae4e820a3 sp=0x0000001bceffde38 mode 2
Event: 5.418 Thread 0x0000020ae219e0d0 Uncommon trap: trap_request=0xffffffde fr.pc=0x0000020aec9655ac relative=0x00000000000009ac
Event: 5.418 Thread 0x0000020ae219e0d0 Uncommon trap: reason=class_check action=maybe_recompile pc=0x0000020aec9655ac method=java.util.HashMap.putVal(ILjava/lang/Object;Ljava/lang/Object;ZZ)Ljava/lang/Object; @ 253 c2
Event: 5.418 Thread 0x0000020ae219e0d0 DEOPT PACKING pc=0x0000020aec9655ac sp=0x0000001bceffdf90
Event: 5.418 Thread 0x0000020ae219e0d0 DEOPT UNPACKING pc=0x0000020ae4e820a3 sp=0x0000001bceffdeb8 mode 2
Event: 5.419 Thread 0x0000020ae219e0d0 Uncommon trap: trap_request=0xffffffde fr.pc=0x0000020aec90e490 relative=0x00000000000003b0
Event: 5.419 Thread 0x0000020ae219e0d0 Uncommon trap: reason=class_check action=maybe_recompile pc=0x0000020aec90e490 method=java.util.HashMap.putVal(ILjava/lang/Object;Ljava/lang/Object;ZZ)Ljava/lang/Object; @ 253 c2
Event: 5.419 Thread 0x0000020ae219e0d0 DEOPT PACKING pc=0x0000020aec90e490 sp=0x0000001bceffdf10
Event: 5.419 Thread 0x0000020ae219e0d0 DEOPT UNPACKING pc=0x0000020ae4e820a3 sp=0x0000001bceffdeb0 mode 2
Event: 5.517 Thread 0x0000020ae219e0d0 DEOPT PACKING pc=0x0000020ae54d5be1 sp=0x0000001bceffc9e0
Event: 5.517 Thread 0x0000020ae219e0d0 DEOPT UNPACKING pc=0x0000020ae4e82843 sp=0x0000001bceffbe68 mode 0
Event: 5.530 Thread 0x0000020ae219e0d0 Uncommon trap: trap_request=0xffffff45 fr.pc=0x0000020aec9840e0 relative=0x0000000000000940
Event: 5.530 Thread 0x0000020ae219e0d0 Uncommon trap: reason=unstable_if action=reinterpret pc=0x0000020aec9840e0 method=java.util.HashMap.putVal(ILjava/lang/Object;Ljava/lang/Object;ZZ)Ljava/lang/Object; @ 81 c2
Event: 5.530 Thread 0x0000020ae219e0d0 DEOPT PACKING pc=0x0000020aec9840e0 sp=0x0000001bceffcd60
Event: 5.530 Thread 0x0000020ae219e0d0 DEOPT UNPACKING pc=0x0000020ae4e820a3 sp=0x0000001bceffcc70 mode 2

Classes unloaded (0 events):
No events

Classes redefined (0 events):
No events

Internal exceptions (20 events):
Event: 3.940 Thread 0x0000020ae219e0d0 Exception <a 'java/lang/NoSuchMethodError'{0x00000000ec273c80}: 'void java.lang.invoke.DirectMethodHandle$Holder.invokeStaticInit(java.lang.Object, java.lang.Object)'> (0x00000000ec273c80) 
thrown [s\src\hotspot\share\interpreter\linkResolver.cpp, line 759]
Event: 3.945 Thread 0x0000020ae219e0d0 Exception <a 'java/lang/NoSuchMethodError'{0x00000000ec27c938}: 'int java.lang.invoke.DirectMethodHandle$Holder.invokeStaticInit(java.lang.Object, java.lang.Object)'> (0x00000000ec27c938) 
thrown [s\src\hotspot\share\interpreter\linkResolver.cpp, line 759]
Event: 4.119 Thread 0x0000020ae219e0d0 Exception <a 'java/lang/NoSuchMethodError'{0x00000000ec3c0738}: 'void java.lang.invoke.DirectMethodHandle$Holder.invokeSpecial(java.lang.Object, java.lang.Object, java.lang.Object)'> (0x00000000ec3c0738) 
thrown [s\src\hotspot\share\interpreter\linkResolver.cpp, line 759]
Event: 4.994 Thread 0x0000020ae219e0d0 Exception <a 'sun/nio/fs/WindowsException'{0x00000000eb43f478}> (0x00000000eb43f478) 
thrown [s\src\hotspot\share\prims\jni.cpp, line 516]
Event: 5.011 Thread 0x0000020ae219e0d0 Exception <a 'sun/nio/fs/WindowsException'{0x00000000eb480548}> (0x00000000eb480548) 
thrown [s\src\hotspot\share\prims\jni.cpp, line 516]
Event: 5.011 Thread 0x0000020ae219e0d0 Exception <a 'sun/nio/fs/WindowsException'{0x00000000eb4808e8}> (0x00000000eb4808e8) 
thrown [s\src\hotspot\share\prims\jni.cpp, line 516]
Event: 5.012 Thread 0x0000020ae219e0d0 Exception <a 'sun/nio/fs/WindowsException'{0x00000000eb487e00}> (0x00000000eb487e00) 
thrown [s\src\hotspot\share\prims\jni.cpp, line 516]
Event: 5.014 Thread 0x0000020ae219e0d0 Exception <a 'sun/nio/fs/WindowsException'{0x00000000eb488bb0}> (0x00000000eb488bb0) 
thrown [s\src\hotspot\share\prims\jni.cpp, line 516]
Event: 5.014 Thread 0x0000020ae219e0d0 Exception <a 'sun/nio/fs/WindowsException'{0x00000000eb488f40}> (0x00000000eb488f40) 
thrown [s\src\hotspot\share\prims\jni.cpp, line 516]
Event: 5.017 Thread 0x0000020ae219e0d0 Exception <a 'sun/nio/fs/WindowsException'{0x00000000eb494488}> (0x00000000eb494488) 
thrown [s\src\hotspot\share\prims\jni.cpp, line 516]
Event: 5.017 Thread 0x0000020ae219e0d0 Exception <a 'sun/nio/fs/WindowsException'{0x00000000eb494828}> (0x00000000eb494828) 
thrown [s\src\hotspot\share\prims\jni.cpp, line 516]
Event: 5.033 Thread 0x0000020ae219e0d0 Exception <a 'sun/nio/fs/WindowsException'{0x00000000eb4961e0}> (0x00000000eb4961e0) 
thrown [s\src\hotspot\share\prims\jni.cpp, line 516]
Event: 5.057 Thread 0x0000020ae219e0d0 Exception <a 'sun/nio/fs/WindowsException'{0x00000000eb49be70}> (0x00000000eb49be70) 
thrown [s\src\hotspot\share\prims\jni.cpp, line 516]
Event: 5.057 Thread 0x0000020ae219e0d0 Exception <a 'sun/nio/fs/WindowsException'{0x00000000eb49c218}> (0x00000000eb49c218) 
thrown [s\src\hotspot\share\prims\jni.cpp, line 516]
Event: 5.057 Thread 0x0000020ae219e0d0 Exception <a 'sun/nio/fs/WindowsException'{0x00000000eb49cf20}> (0x00000000eb49cf20) 
thrown [s\src\hotspot\share\prims\jni.cpp, line 516]
Event: 5.059 Thread 0x0000020ae219e0d0 Exception <a 'sun/nio/fs/WindowsException'{0x00000000eb49dcd0}> (0x00000000eb49dcd0) 
thrown [s\src\hotspot\share\prims\jni.cpp, line 516]
Event: 5.059 Thread 0x0000020ae219e0d0 Exception <a 'sun/nio/fs/WindowsException'{0x00000000eb49e060}> (0x00000000eb49e060) 
thrown [s\src\hotspot\share\prims\jni.cpp, line 516]
Event: 5.061 Thread 0x0000020ae219e0d0 Exception <a 'sun/nio/fs/WindowsException'{0x00000000eb4a37d0}> (0x00000000eb4a37d0) 
thrown [s\src\hotspot\share\prims\jni.cpp, line 516]
Event: 5.061 Thread 0x0000020ae219e0d0 Exception <a 'sun/nio/fs/WindowsException'{0x00000000eb4a3b78}> (0x00000000eb4a3b78) 
thrown [s\src\hotspot\share\prims\jni.cpp, line 516]
Event: 5.335 Thread 0x0000020ae219e0d0 Exception <a 'java/lang/NoSuchMethodError'{0x00000000eb8b6b80}: 'java.lang.Object java.lang.invoke.DirectMethodHandle$Holder.newInvokeSpecial(java.lang.Object, int, java.lang.Object)'> (0x00000000eb8b6b80) 
thrown [s\src\hotspot\share\interpreter\linkResolver.cpp, line 759]

VM Operations (20 events):
Event: 2.392 Executing VM operation: HandshakeAllThreads
Event: 2.392 Executing VM operation: HandshakeAllThreads done
Event: 2.479 Executing VM operation: HandshakeAllThreads
Event: 2.480 Executing VM operation: HandshakeAllThreads done
Event: 3.480 Executing VM operation: Cleanup
Event: 3.481 Executing VM operation: Cleanup done
Event: 3.562 Executing VM operation: HandshakeAllThreads
Event: 3.562 Executing VM operation: HandshakeAllThreads done
Event: 4.144 Executing VM operation: ParallelGCFailedAllocation
Event: 4.164 Executing VM operation: ParallelGCFailedAllocation done
Event: 5.064 Executing VM operation: HandshakeAllThreads
Event: 5.064 Executing VM operation: HandshakeAllThreads done
Event: 5.255 Executing VM operation: HandshakeAllThreads
Event: 5.255 Executing VM operation: HandshakeAllThreads done
Event: 5.255 Executing VM operation: Cleanup
Event: 5.255 Executing VM operation: Cleanup done
Event: 5.257 Executing VM operation: HandshakeAllThreads
Event: 5.257 Executing VM operation: HandshakeAllThreads done
Event: 6.256 Executing VM operation: Cleanup
Event: 6.257 Executing VM operation: Cleanup done

Events (20 events):
Event: 5.225 loading class java/lang/ApplicationShutdownHooks$1
Event: 5.225 loading class java/lang/ApplicationShutdownHooks$1 done
Event: 5.227 loading class java/util/concurrent/locks/AbstractQueuedSynchronizer$ConditionNode
Event: 5.227 loading class java/util/concurrent/locks/AbstractQueuedSynchronizer$ConditionNode done
Event: 5.243 loading class java/util/regex/Pattern$BnM
Event: 5.244 loading class java/util/regex/Pattern$BnM done
Event: 5.244 loading class java/util/regex/Pattern$SliceS
Event: 5.244 loading class java/util/regex/Pattern$SliceS done
Event: 5.407 loading class java/util/ConcurrentModificationException
Event: 5.407 loading class java/util/ConcurrentModificationException done
Event: 5.423 loading class java/net/ContentHandlerFactory
Event: 5.424 loading class java/net/ContentHandlerFactory done
Event: 5.438 loading class java/net/ContentHandler
Event: 5.439 loading class java/net/ContentHandler done
Event: 5.489 loading class java/security/KeyStoreException
Event: 5.489 loading class java/security/KeyStoreException done
Event: 5.576 loading class java/util/LinkedList$Node
Event: 5.576 loading class java/util/LinkedList$Node done
Event: 5.611 loading class sun/nio/ch/FileChannelImpl$Closer
Event: 5.611 loading class sun/nio/ch/FileChannelImpl$Closer done


Dynamic libraries:
0x00007ff6e6330000 - 0x00007ff6e633e000 	c:\Users\hp\.vscode\extensions\redhat.java-1.12.0-win32-x64\jre\17.0.4.1-win32-x86_64\bin\java.exe
0x00007ffae4960000 - 0x00007ffae4b69000 	C:\WINDOWS\SYSTEM32\ntdll.dll
0x00007ffae28b0000 - 0x00007ffae296d000 	C:\WINDOWS\System32\KERNEL32.DLL
0x00007ffae2470000 - 0x00007ffae27ed000 	C:\WINDOWS\System32\KERNELBASE.dll
0x00007ffae1e40000 - 0x00007ffae1f51000 	C:\WINDOWS\System32\ucrtbase.dll
0x00007ffa9b1b0000 - 0x00007ffa9b1c9000 	c:\Users\hp\.vscode\extensions\redhat.java-1.12.0-win32-x64\jre\17.0.4.1-win32-x86_64\bin\VCRUNTIME140.dll
0x00007ffa94ee0000 - 0x00007ffa94ef8000 	c:\Users\hp\.vscode\extensions\redhat.java-1.12.0-win32-x64\jre\17.0.4.1-win32-x86_64\bin\jli.dll
0x00007ffae2ef0000 - 0x00007ffae309d000 	C:\WINDOWS\System32\USER32.dll
0x00007ffab46b0000 - 0x00007ffab4955000 	C:\WINDOWS\WinSxS\amd64_microsoft.windows.common-controls_6595b64144ccf1df_6.0.22000.120_none_9d947278b86cc467\COMCTL32.dll
0x00007ffae2130000 - 0x00007ffae2156000 	C:\WINDOWS\System32\win32u.dll
0x00007ffae2800000 - 0x00007ffae28a3000 	C:\WINDOWS\System32\msvcrt.dll
0x00007ffae3ee0000 - 0x00007ffae3f09000 	C:\WINDOWS\System32\GDI32.dll
0x00007ffae21e0000 - 0x00007ffae22f8000 	C:\WINDOWS\System32\gdi32full.dll
0x00007ffae1f60000 - 0x00007ffae1ffd000 	C:\WINDOWS\System32\msvcp_win.dll
0x00007ffae3520000 - 0x00007ffae3551000 	C:\WINDOWS\System32\IMM32.DLL
0x00007ffade330000 - 0x00007ffade33c000 	c:\Users\hp\.vscode\extensions\redhat.java-1.12.0-win32-x64\jre\17.0.4.1-win32-x86_64\bin\vcruntime140_1.dll
0x00007ffa92490000 - 0x00007ffa92521000 	c:\Users\hp\.vscode\extensions\redhat.java-1.12.0-win32-x64\jre\17.0.4.1-win32-x86_64\bin\msvcp140.dll
0x00007ffa4ff80000 - 0x00007ffa50bc6000 	c:\Users\hp\.vscode\extensions\redhat.java-1.12.0-win32-x64\jre\17.0.4.1-win32-x86_64\bin\server\jvm.dll
0x00007ffae2a60000 - 0x00007ffae2b0e000 	C:\WINDOWS\System32\ADVAPI32.dll
0x00007ffae3110000 - 0x00007ffae31ae000 	C:\WINDOWS\System32\sechost.dll
0x00007ffae46d0000 - 0x00007ffae47f0000 	C:\WINDOWS\System32\RPCRT4.dll
0x00007ffae27f0000 - 0x00007ffae27f8000 	C:\WINDOWS\System32\PSAPI.DLL
0x00007ffabc600000 - 0x00007ffabc609000 	C:\WINDOWS\SYSTEM32\WSOCK32.dll
0x00007ffad9280000 - 0x00007ffad928a000 	C:\WINDOWS\SYSTEM32\VERSION.dll
0x00007ffadc540000 - 0x00007ffadc573000 	C:\WINDOWS\SYSTEM32\WINMM.dll
0x00007ffae3450000 - 0x00007ffae34bf000 	C:\WINDOWS\System32\WS2_32.dll
0x00007ffae0ff0000 - 0x00007ffae1008000 	C:\WINDOWS\SYSTEM32\kernel.appcore.dll
0x00007ffad7670000 - 0x00007ffad767a000 	c:\Users\hp\.vscode\extensions\redhat.java-1.12.0-win32-x64\jre\17.0.4.1-win32-x86_64\bin\jimage.dll
0x00007ffadfaf0000 - 0x00007ffadfd11000 	C:\WINDOWS\SYSTEM32\DBGHELP.DLL
0x00007ffabde50000 - 0x00007ffabde81000 	C:\WINDOWS\SYSTEM32\dbgcore.DLL
0x00007ffae2160000 - 0x00007ffae21df000 	C:\WINDOWS\System32\bcryptPrimitives.dll
0x00007ffad74e0000 - 0x00007ffad74ee000 	c:\Users\hp\.vscode\extensions\redhat.java-1.12.0-win32-x64\jre\17.0.4.1-win32-x86_64\bin\instrument.dll
0x00007ffa946b0000 - 0x00007ffa946d5000 	c:\Users\hp\.vscode\extensions\redhat.java-1.12.0-win32-x64\jre\17.0.4.1-win32-x86_64\bin\java.dll
0x00007ffa93d50000 - 0x00007ffa93d68000 	c:\Users\hp\.vscode\extensions\redhat.java-1.12.0-win32-x64\jre\17.0.4.1-win32-x86_64\bin\zip.dll
0x00007ffae3f10000 - 0x00007ffae46c8000 	C:\WINDOWS\System32\SHELL32.dll
0x00007ffadff80000 - 0x00007ffae07e8000 	C:\WINDOWS\SYSTEM32\windows.storage.dll
0x00007ffae39d0000 - 0x00007ffae3d49000 	C:\WINDOWS\System32\combase.dll
0x00007ffadfe10000 - 0x00007ffadff76000 	C:\WINDOWS\SYSTEM32\wintypes.dll
0x00007ffae2970000 - 0x00007ffae2a5a000 	C:\WINDOWS\System32\SHCORE.dll
0x00007ffae30a0000 - 0x00007ffae30fd000 	C:\WINDOWS\System32\shlwapi.dll
0x00007ffae1d70000 - 0x00007ffae1d91000 	C:\WINDOWS\SYSTEM32\profapi.dll
0x00007ffa9e700000 - 0x00007ffa9e719000 	C:\Users\hp\.vscode\extensions\redhat.java-1.12.0-win32-x64\jre\17.0.4.1-win32-x86_64\bin\net.dll
0x00007ffadc050000 - 0x00007ffadc15c000 	C:\WINDOWS\SYSTEM32\WINHTTP.dll
0x00007ffae1410000 - 0x00007ffae1477000 	C:\WINDOWS\system32\mswsock.dll
0x00007ffa9e6e0000 - 0x00007ffa9e6f5000 	C:\Users\hp\.vscode\extensions\redhat.java-1.12.0-win32-x64\jre\17.0.4.1-win32-x86_64\bin\nio.dll
0x00007ffacd590000 - 0x00007ffacd5a0000 	c:\Users\hp\.vscode\extensions\redhat.java-1.12.0-win32-x64\jre\17.0.4.1-win32-x86_64\bin\verify.dll
0x00007ffa944b0000 - 0x00007ffa944ee000 	C:\Users\hp\AppData\Roaming\Code\User\globalStorage\redhat.java\1.12.0\config_win\org.eclipse.equinox.launcher\org.eclipse.equinox.launcher.win32.win32.x86_64_1.2.600.v20220720-1916\eclipse_11700.dll
0x00007ffae2b10000 - 0x00007ffae2caa000 	C:\WINDOWS\System32\ole32.dll

dbghelp: loaded successfully - version: 4.0.5 - missing functions: none
symbol engine: initialized successfully - sym options: 0x614 - pdb path: .;c:\Users\hp\.vscode\extensions\redhat.java-1.12.0-win32-x64\jre\17.0.4.1-win32-x86_64\bin;C:\WINDOWS\SYSTEM32;C:\WINDOWS\WinSxS\amd64_microsoft.windows.common-controls_6595b64144ccf1df_6.0.22000.120_none_9d947278b86cc467;c:\Users\hp\.vscode\extensions\redhat.java-1.12.0-win32-x64\jre\17.0.4.1-win32-x86_64\bin\server;C:\Users\hp\AppData\Roaming\Code\User\globalStorage\redhat.java\1.12.0\config_win\org.eclipse.equinox.launcher\org.eclipse.equinox.launcher.win32.win32.x86_64_1.2.600.v20220720-1916

VM Arguments:
jvm_args: --add-modules=ALL-SYSTEM --add-opens=java.base/java.util=ALL-UNNAMED --add-opens=java.base/java.lang=ALL-UNNAMED --add-opens=java.base/sun.nio.fs=ALL-UNNAMED -Declipse.application=org.eclipse.jdt.ls.core.id1 -Dosgi.bundles.defaultStartLevel=4 -Declipse.product=org.eclipse.jdt.ls.core.product -Djava.import.generatesMetadataFilesAtProjectRoot=false -Dfile.encoding=utf8 -XX:+UseParallelGC -XX:GCTimeRatio=4 -XX:AdaptiveSizePolicyWeight=90 -Dsun.zip.disableMemoryMapping=true -Xmx1G -Xms100m -Xlog:disable -javaagent:c:\Users\hp\.vscode\extensions\redhat.java-1.12.0-win32-x64\lombok\lombok-1.18.24.jar -XX:+HeapDumpOnOutOfMemoryError -XX:HeapDumpPath=c:\Users\hp\AppData\Roaming\Code\User\workspaceStorage\20c9b4f69c15167fc8ac43d1fa770efe\redhat.java 
java_command: c:\Users\hp\.vscode\extensions\redhat.java-1.12.0-win32-x64\server\plugins\org.eclipse.equinox.launcher_1.6.400.v20210924-0641.jar -configuration c:\Users\hp\AppData\Roaming\Code\User\globalStorage\redhat.java\1.12.0\config_win -data c:\Users\hp\AppData\Roaming\Code\User\workspaceStorage\20c9b4f69c15167fc8ac43d1fa770efe\redhat.java\jdt_ws
java_class_path (initial): c:\Users\hp\.vscode\extensions\redhat.java-1.12.0-win32-x64\server\plugins\org.eclipse.equinox.launcher_1.6.400.v20210924-0641.jar
Launcher Type: SUN_STANDARD

[Global flags]
    uintx AdaptiveSizePolicyWeight                 = 90                                        {product} {command line}
     intx CICompilerCount                          = 4                                         {product} {ergonomic}
    uintx GCTimeRatio                              = 4                                         {product} {command line}
     bool HeapDumpOnOutOfMemoryError               = true                                   {manageable} {command line}
    ccstr HeapDumpPath                             = c:\Users\hp\AppData\Roaming\Code\User\workspaceStorage\20c9b4f69c15167fc8ac43d1fa770efe\redhat.java         {manageable} {command line}
   size_t InitialHeapSize                          = 104857600                                 {product} {command line}
   size_t MaxHeapSize                              = 1073741824                                {product} {command line}
   size_t MaxNewSize                               = 357564416                                 {product} {ergonomic}
   size_t MinHeapDeltaBytes                        = 524288                                    {product} {ergonomic}
   size_t MinHeapSize                              = 104857600                                 {product} {command line}
   size_t NewSize                                  = 34603008                                  {product} {ergonomic}
    uintx NonNMethodCodeHeapSize                   = 5839372                                {pd product} {ergonomic}
    uintx NonProfiledCodeHeapSize                  = 122909434                              {pd product} {ergonomic}
   size_t OldSize                                  = 70254592                                  {product} {ergonomic}
    uintx ProfiledCodeHeapSize                     = 122909434                              {pd product} {ergonomic}
    uintx ReservedCodeCacheSize                    = 251658240                              {pd product} {ergonomic}
     bool SegmentedCodeCache                       = true                                      {product} {ergonomic}
   size_t SoftMaxHeapSize                          = 1073741824                             {manageable} {ergonomic}
     bool UseCompressedClassPointers               = true                           {product lp64_product} {ergonomic}
     bool UseCompressedOops                        = true                           {product lp64_product} {ergonomic}
     bool UseLargePagesIndividualAllocation        = false                                  {pd product} {ergonomic}
     bool UseParallelGC                            = true                                      {product} {command line}

Logging:
Log output configuration:
 #0: stdout all=off uptime,level,tags
 #1: stderr all=off uptime,level,tags

Environment Variables:
PATH=C:\Program Files (x86)\VMware\VMware Workstation\bin\;C:\Program Files\Common Files\Oracle\Java\javapath;C:\Program Files (x86)\Common Files\Oracle\Java\javapath;C:\app\WINDOWS.X64_193000_db_home\bin;C:\Program Files (x86)\Common Files\Intel\Shared Libraries\redist\intel64\compiler;C:\Users\hp\AppData\Local\Programs\Python\Python39\Scripts\;C:\Users\hp\AppData\Local\Programs\Python\Python39\;C:\ProgramData\Oracle\Java\javapath;C:\Windows\system32;C:\Windows;C:\Windows\System32\Wbem;C:\Windows\System32\WindowsPowerShell\v1.0\;C:\Windows\System32\OpenSSH\;C:\Program Files (x86)\NVIDIA Corporation\PhysX\Common;C:\Program Files\NVIDIA Corporation\NVIDIA NvDLISR;C:\Program Files\Microsoft SQL Server\130\Tools\Binn\;C:\Program Files\Microsoft SQL Server\Client SDK\ODBC\170\Tools\Binn\;C:\Program Files\Azure Data Studio\bin;C:\Program Files (x86)\Microsoft SQL Server\150\Tools\Binn\;C:\Program Files\Microsoft SQL Server\150\Tools\Binn\;C:\Program Files\Microsoft SQL Server\150\DTS\Binn\;C:\Program Files (x86)\Microsoft SQL Server\150\DTS\Binn\;C:\Program Files\Java\jdk1.8.0_111\bin;C:\ProgramData\chocolatey\bin;C:\xampp\php;C:\ProgramData\ComposerSetup\bin;C:\Program Files\Git\cmd;C:\Program Files\Git\mingw64\bin;C:\Program Files\Git\usr\bin;C:\Program Files\dotnet\;C:\WINDOWS\system32;C:\WINDOWS;C:\WINDOWS\System32\Wbem;C:\WINDOWS\System32\WindowsPowerShell\v1.0\;C:\WINDOWS\System32\OpenSSH\;C:\Program Files\PuTTY\;C:\HashiCorp\Vagrant\bin;C:\Program Files\Docker\Docker\resources\bin;C:\ProgramData\DockerDesktop\version-bin;C:\minikube;C:\Program Files\nodejs\;C:\Users\hp\AppData\Roaming\npm;C:\Users\hp\AppData\Roaming\npm\node_modules\@angular\cli\bin;C:\WINDOWS\system32;C:\WINDOWS;C:\WINDOWS\System32\Wbem;C:\WINDOWS\System32\WindowsPowerShell\v1.0
USERNAME=ANDY_HP
OS=Windows_NT
PROCESSOR_IDENTIFIER=Intel64 Family 6 Model 142 Stepping 10, GenuineIntel
TMP=C:\Users\hp\AppData\Local\Temp
TEMP=C:\Users\hp\AppData\Local\Temp



---------------  S Y S T E M  ---------------

OS:
 Windows 11 , 64 bit Build 22000 (10.0.22000.708)
OS uptime: 0 days 3:49 hours
Hyper-V role detected

CPU: total 8 (initial active 8) (4 cores per cpu, 2 threads per core) family 6 model 142 stepping 10 microcode 0xe0, cx8, cmov, fxsr, ht, mmx, 3dnowpref, sse, sse2, sse3, ssse3, sse4.1, sse4.2, popcnt, lzcnt, tsc, tscinvbit, avx, avx2, aes, erms, clmul, bmi1, bmi2, adx, fma, vzeroupper, clflush, clflushopt, hv

Memory: 4k page, system-wide physical 16299M (5211M free)
TotalPageFile size 18347M (AvailPageFile size 0M)
current process WorkingSet (physical memory assigned to process): 78M, peak: 83M
current process commit charge ("private bytes"): 199M, peak: 204M

vm_info: OpenJDK 64-Bit Server VM (17.0.4.1+1) for windows-amd64 JRE (17.0.4.1+1), built on Aug 17 2022 07:42:43 by "temurin" with MS VC++ 16.7 (VS2019)

END.
